Arguments: 
  /usr/local/bin/node /usr/local/bin/yarn add express netlify-lamda serverless-http

PATH: 
  /Users/jordy/.rvm/gems/ruby-2.4.1/bin:/Users/jordy/.rvm/gems/ruby-2.4.1@global/bin:/Users/jordy/.rvm/rubies/ruby-2.4.1/bin:/usr/local/bin:/usr/bin:/bin:/usr/sbin:/sbin:/Library/Apple/usr/bin:/Library/Frameworks/Mono.framework/Versions/Current/Commands:/Users/jordy/.rvm/gems/ruby-2.4.1/bin:/Users/jordy/.rvm/gems/ruby-2.4.1@global/bin:/Users/jordy/.rvm/rubies/ruby-2.4.1/bin:/Users/jordy/.rvm/bin:/Users/jordy/.rvm/bin

Yarn version: 
  1.13.0

Node version: 
  12.18.2

Platform: 
  darwin x64

Trace: 
  Error: https://registry.yarnpkg.com/netlify-lamda: Not found
      at Request.params.callback [as _callback] (/usr/local/lib/node_modules/yarn/lib/cli.js:66255:18)
      at Request.self.callback (/usr/local/lib/node_modules/yarn/lib/cli.js:129397:22)
      at Request.emit (events.js:315:20)
      at Request.<anonymous> (/usr/local/lib/node_modules/yarn/lib/cli.js:130369:10)
      at Request.emit (events.js:315:20)
      at IncomingMessage.<anonymous> (/usr/local/lib/node_modules/yarn/lib/cli.js:130291:12)
      at Object.onceWrapper (events.js:421:28)
      at IncomingMessage.emit (events.js:327:22)
      at endReadableNT (_stream_readable.js:1221:12)
      at processTicksAndRejections (internal/process/task_queues.js:84:21)

npm manifest: 
  {
    "name": "netlify-express",
    "version": "1.0.0",
    "description": "",
    "main": "index.js",
    "scripts": {
      "test": "echo \"Error: no test specified\" && exit 1"
    },
    "author": "",
    "license": "ISC"
  }

yarn manifest: 
  No manifest

Lockfile: 
  No lockfile
